# JRE version: Java(TM) SE Runtime Environment (18.0.2.1+1) (build 18.0.2.1+1-1)
# Java VM: Java HotSpot(TM) 64-Bit Server VM (18.0.2.1+1-1, mixed mode, sharing, tiered, compressed oops, compressed class ptrs, g1 gc, windows-amd64)
GC Precious Log:
 CardTable entry size: 512
 Card Set container configuration: InlinePtr #cards 5 size 8 Array Of Cards #cards 12 size 40 Howl #buckets 4 coarsen threshold 1843 Howl Bitmap #cards 512 size 80 coarsen threshold 460 Card regions per heap region 1 cards per card region 2048
 CPUs: 4 total, 4 available
 Memory: 8117M
 Large Page Support: Disabled
 NUMA Support: Disabled
 Compressed Oops: Enabled (32-bit)
 Heap Region Size: 1M
 Heap Min Capacity: 8M
 Heap Initial Capacity: 128M
 Heap Max Capacity: 2G
 Pre-touch: Disabled
 Parallel Workers: 4
 Concurrent Workers: 1
 Concurrent Refinement Workers: 4
 Periodic GC: Disabled
Heap:
 garbage-first heap   total 208896K, used 150392K [0x0000000080000000, 0x0000000100000000)
  region size 1024K, 73 young (74752K), 7 survivors (7168K)
 Metaspace       used 81612K, committed 83584K, reserved 1179648K
  class space    used 11236K, committed 12224K, reserved 1048576K
GC Heap History (20 events):
Event: 19.025 GC heap before
{Heap before GC invocations=19 (full 0):
 garbage-first heap   total 104448K, used 87525K [0x0000000080000000, 0x0000000100000000)
  region size 1024K, 35 young (35840K), 2 survivors (2048K)
 Metaspace       used 55013K, committed 56768K, reserved 1114112K
  class space    used 7538K, committed 8448K, reserved 1048576K
}
Event: 19.035 GC heap after
{Heap after GC invocations=20 (full 0):
 garbage-first heap   total 104448K, used 52411K [0x0000000080000000, 0x0000000100000000)
  region size 1024K, 5 young (5120K), 5 survivors (5120K)
 Metaspace       used 55013K, committed 56768K, reserved 1114112K
  class space    used 7538K, committed 8448K, reserved 1048576K
}
Event: 19.063 GC heap before
{Heap before GC invocations=20 (full 0):
 garbage-first heap   total 104448K, used 53435K [0x0000000080000000, 0x0000000100000000)
  region size 1024K, 6 young (6144K), 5 survivors (5120K)
 Metaspace       used 55117K, committed 56832K, reserved 1114112K
  class space    used 7549K, committed 8448K, reserved 1048576K
}
Event: 19.072 GC heap after
{Heap after GC invocations=21 (full 0):
 garbage-first heap   total 104448K, used 52421K [0x0000000080000000, 0x0000000100000000)
  region size 1024K, 1 young (1024K), 1 survivors (1024K)
 Metaspace       used 55117K, committed 56832K, reserved 1114112K
  class space    used 7549K, committed 8448K, reserved 1048576K
}
Event: 20.084 GC heap before
{Heap before GC invocations=21 (full 0):
 garbage-first heap   total 104448K, used 81093K [0x0000000080000000, 0x0000000100000000)
  region size 1024K, 30 young (30720K), 1 survivors (1024K)
 Metaspace       used 57540K, committed 59264K, reserved 1114112K
  class space    used 7834K, committed 8704K, reserved 1048576K
}
Event: 20.092 GC heap after
{Heap after GC invocations=22 (full 0):
 garbage-first heap   total 104448K, used 54547K [0x0000000080000000, 0x0000000100000000)
  region size 1024K, 3 young (3072K), 3 survivors (3072K)
 Metaspace       used 57540K, committed 59264K, reserved 1114112K
  class space    used 7834K, committed 8704K, reserved 1048576K
}
Event: 20.849 GC heap before
{Heap before GC invocations=23 (full 0):
 garbage-first heap   total 104448K, used 83219K [0x0000000080000000, 0x0000000100000000)
  region size 1024K, 31 young (31744K), 3 survivors (3072K)
 Metaspace       used 58483K, committed 60224K, reserved 1114112K
  class space    used 7978K, committed 8896K, reserved 1048576K
}
Event: 20.857 GC heap after
{Heap after GC invocations=24 (full 0):
 garbage-first heap   total 104448K, used 56947K [0x0000000080000000, 0x0000000100000000)
  region size 1024K, 3 young (3072K), 3 survivors (3072K)
 Metaspace       used 58483K, committed 60224K, reserved 1114112K
  class space    used 7978K, committed 8896K, reserved 1048576K
}
Event: 20.879 GC heap before
{Heap before GC invocations=24 (full 0):
 garbage-first heap   total 104448K, used 58995K [0x0000000080000000, 0x0000000100000000)
  region size 1024K, 5 young (5120K), 3 survivors (3072K)
 Metaspace       used 58502K, committed 60288K, reserved 1114112K
  class space    used 7981K, committed 8896K, reserved 1048576K
}
Event: 20.885 GC heap after
{Heap after GC invocations=25 (full 0):
 garbage-first heap   total 104448K, used 56689K [0x0000000080000000, 0x0000000100000000)
  region size 1024K, 1 young (1024K), 1 survivors (1024K)
 Metaspace       used 58502K, committed 60288K, reserved 1114112K
  class space    used 7981K, committed 8896K, reserved 1048576K
}
Event: 21.490 GC heap before
{Heap before GC invocations=25 (full 0):
 garbage-first heap   total 104448K, used 84337K [0x0000000080000000, 0x0000000100000000)
  region size 1024K, 28 young (28672K), 1 survivors (1024K)
 Metaspace       used 60154K, committed 61952K, reserved 1114112K
  class space    used 8211K, committed 9152K, reserved 1048576K
}
Event: 21.499 GC heap after
{Heap after GC invocations=26 (full 0):
 garbage-first heap   total 208896K, used 58584K [0x0000000080000000, 0x0000000100000000)
  region size 1024K, 3 young (3072K), 3 survivors (3072K)
 Metaspace       used 60154K, committed 61952K, reserved 1114112K
  class space    used 8211K, committed 9152K, reserved 1048576K
}
Event: 25.573 GC heap before
{Heap before GC invocations=27 (full 0):
 garbage-first heap   total 208896K, used 166104K [0x0000000080000000, 0x0000000100000000)
  region size 1024K, 109 young (111616K), 3 survivors (3072K)
 Metaspace       used 71810K, committed 73664K, reserved 1114112K
  class space    used 9999K, committed 10944K, reserved 1048576K
}
Event: 25.596 GC heap after
{Heap after GC invocations=28 (full 0):
 garbage-first heap   total 208896K, used 66490K [0x0000000080000000, 0x0000000100000000)
  region size 1024K, 10 young (10240K), 10 survivors (10240K)
 Metaspace       used 71810K, committed 73664K, reserved 1114112K
  class space    used 9999K, committed 10944K, reserved 1048576K
}
Event: 25.668 GC heap before
{Heap before GC invocations=28 (full 0):
 garbage-first heap   total 208896K, used 67514K [0x0000000080000000, 0x0000000100000000)
  region size 1024K, 11 young (11264K), 10 survivors (10240K)
 Metaspace       used 71854K, committed 73728K, reserved 1114112K
  class space    used 10005K, committed 10944K, reserved 1048576K
}
Event: 25.692 GC heap after
{Heap after GC invocations=29 (full 0):
 garbage-first heap   total 208896K, used 67028K [0x0000000080000000, 0x0000000100000000)
  region size 1024K, 1 young (1024K), 1 survivors (1024K)
 Metaspace       used 71854K, committed 73728K, reserved 1114112K
  class space    used 10005K, committed 10944K, reserved 1048576K
}
Event: 28.287 GC heap before
{Heap before GC invocations=29 (full 0):
 garbage-first heap   total 208896K, used 164308K [0x0000000080000000, 0x0000000100000000)
  region size 1024K, 97 young (99328K), 1 survivors (1024K)
 Metaspace       used 74953K, committed 76864K, reserved 1179648K
  class space    used 10478K, committed 11456K, reserved 1048576K
}
Event: 28.308 GC heap after
{Heap after GC invocations=30 (full 0):
 garbage-first heap   total 208896K, used 78102K [0x0000000080000000, 0x0000000100000000)
  region size 1024K, 12 young (12288K), 12 survivors (12288K)
 Metaspace       used 74953K, committed 76864K, reserved 1179648K
  class space    used 10478K, committed 11456K, reserved 1048576K
}
Event: 30.450 GC heap before
{Heap before GC invocations=30 (full 0):
 garbage-first heap   total 208896K, used 163094K [0x0000000080000000, 0x0000000100000000)
  region size 1024K, 96 young (98304K), 12 survivors (12288K)
 Metaspace       used 77469K, committed 79488K, reserved 1179648K
  class space    used 10705K, committed 11712K, reserved 1048576K
}
Event: 30.477 GC heap after
{Heap after GC invocations=31 (full 0):
 garbage-first heap   total 208896K, used 84856K [0x0000000080000000, 0x0000000100000000)
  region size 1024K, 7 young (7168K), 7 survivors (7168K)
 Metaspace       used 77469K, committed 79488K, reserved 1179648K
  class space    used 10705K, committed 11712K, reserved 1048576K
}

