# JRE version: Java(TM) SE Runtime Environment (18.0.2.1+1) (build 18.0.2.1+1-1)
# Java VM: Java HotSpot(TM) 64-Bit Server VM (18.0.2.1+1-1, mixed mode, sharing, tiered, compressed oops, compressed class ptrs, g1 gc, windows-amd64)
GC Precious Log:
 CardTable entry size: 512
 Card Set container configuration: InlinePtr #cards 5 size 8 Array Of Cards #cards 12 size 40 Howl #buckets 4 coarsen threshold 1843 Howl Bitmap #cards 512 size 80 coarsen threshold 460 Card regions per heap region 1 cards per card region 2048
 CPUs: 4 total, 4 available
 Memory: 8117M
 Large Page Support: Disabled
 NUMA Support: Disabled
 Compressed Oops: Enabled (32-bit)
 Heap Region Size: 1M
 Heap Min Capacity: 8M
 Heap Initial Capacity: 128M
 Heap Max Capacity: 2G
 Pre-touch: Disabled
 Parallel Workers: 4
 Concurrent Workers: 1
 Concurrent Refinement Workers: 4
 Periodic GC: Disabled
Heap:
 garbage-first heap   total 203776K, used 99071K [0x0000000080000000, 0x0000000100000000)
  region size 1024K, 7 young (7168K), 4 survivors (4096K)
 Metaspace       used 88970K, committed 91008K, reserved 1179648K
  class space    used 12026K, committed 13120K, reserved 1048576K
GC Heap History (20 events):
Event: 28.340 GC heap before
{Heap before GC invocations=28 (full 0):
 garbage-first heap   total 128000K, used 102426K [0x0000000080000000, 0x0000000100000000)
  region size 1024K, 42 young (43008K), 6 survivors (6144K)
 Metaspace       used 72383K, committed 74240K, reserved 1114112K
  class space    used 10053K, committed 11008K, reserved 1048576K
}
Event: 28.358 GC heap after
{Heap after GC invocations=29 (full 0):
 garbage-first heap   total 128000K, used 70451K [0x0000000080000000, 0x0000000100000000)
  region size 1024K, 6 young (6144K), 6 survivors (6144K)
 Metaspace       used 72383K, committed 74240K, reserved 1114112K
  class space    used 10053K, committed 11008K, reserved 1048576K
}
Event: 29.228 GC heap before
{Heap before GC invocations=30 (full 0):
 garbage-first heap   total 135168K, used 102195K [0x0000000080000000, 0x0000000100000000)
  region size 1024K, 37 young (37888K), 6 survivors (6144K)
 Metaspace       used 74053K, committed 75968K, reserved 1114112K
  class space    used 10371K, committed 11328K, reserved 1048576K
}
Event: 29.245 GC heap after
{Heap after GC invocations=31 (full 0):
 garbage-first heap   total 135168K, used 75662K [0x0000000080000000, 0x0000000100000000)
  region size 1024K, 5 young (5120K), 5 survivors (5120K)
 Metaspace       used 74053K, committed 75968K, reserved 1114112K
  class space    used 10371K, committed 11328K, reserved 1048576K
}
Event: 29.336 GC heap before
{Heap before GC invocations=31 (full 0):
 garbage-first heap   total 135168K, used 76686K [0x0000000080000000, 0x0000000100000000)
  region size 1024K, 6 young (6144K), 5 survivors (5120K)
 Metaspace       used 74077K, committed 75968K, reserved 1114112K
  class space    used 10371K, committed 11328K, reserved 1048576K
}
Event: 29.344 GC heap after
{Heap after GC invocations=32 (full 0):
 garbage-first heap   total 135168K, used 75764K [0x0000000080000000, 0x0000000100000000)
  region size 1024K, 1 young (1024K), 1 survivors (1024K)
 Metaspace       used 74077K, committed 75968K, reserved 1114112K
  class space    used 10371K, committed 11328K, reserved 1048576K
}
Event: 30.332 GC heap before
{Heap before GC invocations=32 (full 0):
 garbage-first heap   total 135168K, used 106484K [0x0000000080000000, 0x0000000100000000)
  region size 1024K, 32 young (32768K), 1 survivors (1024K)
 Metaspace       used 74816K, committed 76736K, reserved 1179648K
  class space    used 10466K, committed 11456K, reserved 1048576K
}
Event: 30.339 GC heap after
{Heap after GC invocations=33 (full 0):
 garbage-first heap   total 135168K, used 78027K [0x0000000080000000, 0x0000000100000000)
  region size 1024K, 4 young (4096K), 4 survivors (4096K)
 Metaspace       used 74816K, committed 76736K, reserved 1179648K
  class space    used 10466K, committed 11456K, reserved 1048576K
}
Event: 31.391 GC heap before
{Heap before GC invocations=34 (full 0):
 garbage-first heap   total 148480K, used 109771K [0x0000000080000000, 0x0000000100000000)
  region size 1024K, 34 young (34816K), 4 survivors (4096K)
 Metaspace       used 76901K, committed 78848K, reserved 1179648K
  class space    used 10662K, committed 11648K, reserved 1048576K
}
Event: 31.401 GC heap after
{Heap after GC invocations=35 (full 0):
 garbage-first heap   total 148480K, used 82425K [0x0000000080000000, 0x0000000100000000)
  region size 1024K, 3 young (3072K), 3 survivors (3072K)
 Metaspace       used 76901K, committed 78848K, reserved 1179648K
  class space    used 10662K, committed 11648K, reserved 1048576K
}
Event: 31.584 GC heap before
{Heap before GC invocations=35 (full 0):
 garbage-first heap   total 148480K, used 86521K [0x0000000080000000, 0x0000000100000000)
  region size 1024K, 7 young (7168K), 3 survivors (3072K)
 Metaspace       used 77260K, committed 79232K, reserved 1179648K
  class space    used 10728K, committed 11712K, reserved 1048576K
}
Event: 31.593 GC heap after
{Heap after GC invocations=36 (full 0):
 garbage-first heap   total 203776K, used 85172K [0x0000000080000000, 0x0000000100000000)
  region size 1024K, 1 young (1024K), 1 survivors (1024K)
 Metaspace       used 77260K, committed 79232K, reserved 1179648K
  class space    used 10728K, committed 11712K, reserved 1048576K
}
Event: 33.441 GC heap before
{Heap before GC invocations=36 (full 0):
 garbage-first heap   total 203776K, used 134324K [0x0000000080000000, 0x0000000100000000)
  region size 1024K, 48 young (49152K), 1 survivors (1024K)
 Metaspace       used 80924K, committed 82880K, reserved 1179648K
  class space    used 11150K, committed 12160K, reserved 1048576K
}
Event: 33.465 GC heap after
{Heap after GC invocations=37 (full 0):
 garbage-first heap   total 203776K, used 104057K [0x0000000080000000, 0x0000000100000000)
  region size 1024K, 9 young (9216K), 9 survivors (9216K)
 Metaspace       used 80924K, committed 82880K, reserved 1179648K
  class space    used 11150K, committed 12160K, reserved 1048576K
}
Event: 35.417 GC heap before
{Heap before GC invocations=38 (full 0):
 garbage-first heap   total 203776K, used 160377K [0x0000000080000000, 0x0000000100000000)
  region size 1024K, 55 young (56320K), 9 survivors (9216K)
 Metaspace       used 84054K, committed 85952K, reserved 1179648K
  class space    used 11441K, committed 12416K, reserved 1048576K
}
Event: 35.435 GC heap after
{Heap after GC invocations=39 (full 0):
 garbage-first heap   total 203776K, used 102822K [0x0000000080000000, 0x0000000100000000)
  region size 1024K, 3 young (3072K), 3 survivors (3072K)
 Metaspace       used 84054K, committed 85952K, reserved 1179648K
  class space    used 11441K, committed 12416K, reserved 1048576K
}
Event: 35.528 GC heap before
{Heap before GC invocations=39 (full 0):
 garbage-first heap   total 203776K, used 108966K [0x0000000080000000, 0x0000000100000000)
  region size 1024K, 9 young (9216K), 3 survivors (3072K)
 Metaspace       used 84078K, committed 85952K, reserved 1179648K
  class space    used 11441K, committed 12416K, reserved 1048576K
}
Event: 35.535 GC heap after
{Heap after GC invocations=40 (full 0):
 garbage-first heap   total 203776K, used 103226K [0x0000000080000000, 0x0000000100000000)
  region size 1024K, 1 young (1024K), 1 survivors (1024K)
 Metaspace       used 84078K, committed 85952K, reserved 1179648K
  class space    used 11441K, committed 12416K, reserved 1048576K
}
Event: 37.259 GC heap before
{Heap before GC invocations=40 (full 0):
 garbage-first heap   total 203776K, used 153402K [0x0000000080000000, 0x0000000100000000)
  region size 1024K, 51 young (52224K), 1 survivors (1024K)
 Metaspace       used 85978K, committed 88064K, reserved 1179648K
  class space    used 11656K, committed 12736K, reserved 1048576K
}
Event: 37.270 GC heap after
{Heap after GC invocations=41 (full 0):
 garbage-first heap   total 203776K, used 107625K [0x0000000080000000, 0x0000000100000000)
  region size 1024K, 5 young (5120K), 5 survivors (5120K)
 Metaspace       used 85978K, committed 88064K, reserved 1179648K
  class space    used 11656K, committed 12736K, reserved 1048576K
}

